<?xml version="1.0" encoding="UTF-8"?>
<!-- Generated by org.testng.reporters.JUnitReportReporter -->
<testsuite hostname="SSP-Laptop" failures="0" tests="2" name="testLayer.LoginTest" time="20.819" errors="0" timestamp="2023-04-25T23:17:42 EDT" skipped="0">
  <testcase classname="testLayer.LoginTest" name="Title" time="11.597"/>
  <system-out/>
  <testcase classname="testLayer.LoginTest" name="Login" time="9.222"/>
  <system-out/>
</testsuite> <!-- testLayer.LoginTest -->
